<?xml version="1.0" encoding="UTF-8"?>
<!-- Generated by org.testng.reporters.JUnitXMLReporter -->
<testsuite hostname="LAPTOP-67QB8L5C" ignored="1" name="ONE" tests="3" failures="0" timestamp="2021-02-20T18:47:12 IST" time="0.066" errors="0">
  <testcase name="a" time="0.008" classname="AutomationPractice.Test11.HomePageTest"/>
  <testcase name="b" time="0.003" classname="AutomationPractice.Test11.HomePageTest"/>
  <testcase name="f" time="0.003" classname="AutomationPractice.Test11.ListingPageTest"/>
  <testcase name="c" time="0.0" classname="AutomationPractice.Test11.HomePageTest">
    <ignored/>
  </testcase> <!-- c -->
</testsuite> <!-- ONE -->
