<?xml version="1.0" encoding="UTF-8"?>
<!-- Generated by org.testng.reporters.JUnitXMLReporter -->
<testsuite hostname="LAPTOP-67QB8L5C" ignored="2" name="TWO" tests="2" failures="0" timestamp="2021-02-20T18:47:12 IST" time="0.008" errors="0">
  <testcase name="b" time="0.001" classname="AutomationPractice.Test11.HomePageTest"/>
  <testcase name="c" time="0.002" classname="AutomationPractice.Test11.HomePageTest"/>
  <testcase name="a" time="0.0" classname="AutomationPractice.Test11.HomePageTest">
    <ignored/>
  </testcase> <!-- a -->
  <testcase name="f" time="0.0" classname="AutomationPractice.Test11.ListingPageTest">
    <ignored/>
  </testcase> <!-- f -->
</testsuite> <!-- TWO -->
